<?xml version="1.0" encoding="UTF-8"?>
<!-- Generated by org.testng.reporters.JUnitReportReporter -->
<testsuite hostname="USER-PC" name="com.cleartrip.flights.TestNG" tests="1" failures="0" timestamp="27 Nov 2020 05:35:42 GMT" time="49.268" errors="0">
  <testcase name="searching" time="49.268" classname="com.cleartrip.flights.TestNG"/>
</testsuite> <!-- com.cleartrip.flights.TestNG -->
