<?xml version="1.0" encoding="UTF-8"?>
<!-- Generated by org.testng.reporters.JUnitReportReporter -->
<testsuite skipped="0" hostname="DESKTOP-8D7L466" name="com.trivago.test.trivagoTest" tests="1" failures="0" timestamp="2020-07-24T13:41:40 IST" time="2.724" errors="0">
  <testcase name="TrivagoTest" time="2.724" classname="com.trivago.test.trivagoTest"/>
  <system-out/>
</testsuite> <!-- com.trivago.test.trivagoTest -->
