<?xml version="1.0" encoding="UTF-8"?>
<!-- Generated by org.testng.reporters.JUnitReportReporter -->
<testsuite skipped="0" hostname="DESKTOP-8D7L466" name="com.tripadvisor.test.tripAdvisorSmokeTest" tests="10" failures="0" timestamp="2020-08-14T18:18:55 IST" time="16.725" errors="0">
  <testcase name="tripLogoSmoke" time="0.190" classname="com.tripadvisor.test.tripAdvisorSmokeTest"/>
  <system-out/>
  <testcase name="hotelBtnSmoke" time="0.147" classname="com.tripadvisor.test.tripAdvisorSmokeTest"/>
  <system-out/>
  <testcase name="searchFieldSmoke" time="2.586" classname="com.tripadvisor.test.tripAdvisorSmokeTest"/>
  <system-out/>
  <testcase name="searchBtnSmoke" time="0.631" classname="com.tripadvisor.test.tripAdvisorSmokeTest"/>
  <system-out/>
  <testcase name="mumbaiHotelSmoke" time="10.035" classname="com.tripadvisor.test.tripAdvisorSmokeTest"/>
  <system-out/>
  <testcase name="mumbaiHotelHeaderSmoke" time="2.247" classname="com.tripadvisor.test.tripAdvisorSmokeTest"/>
  <system-out/>
  <testcase name="checkinBtnSmoke" time="0.271" classname="com.tripadvisor.test.tripAdvisorSmokeTest"/>
  <system-out/>
  <testcase name="checkoutBtnSmoke" time="0.214" classname="com.tripadvisor.test.tripAdvisorSmokeTest"/>
  <system-out/>
  <testcase name="guestBtnSmoke" time="0.230" classname="com.tripadvisor.test.tripAdvisorSmokeTest"/>
  <system-out/>
  <testcase name="hotelRadioBtnSmoke" time="0.174" classname="com.tripadvisor.test.tripAdvisorSmokeTest"/>
  <system-out/>
</testsuite> <!-- com.tripadvisor.test.tripAdvisorSmokeTest -->
