<?xml version="1.0" encoding="UTF-8"?>
<!-- Generated by org.testng.reporters.JUnitReportReporter -->
<testsuite skipped="0" hostname="DESKTOP-8D7L466" name="com.tripadvisor.test.tripAdvisorTest" tests="9" failures="0" timestamp="2020-08-14T18:18:55 IST" time="47.500" errors="0">
  <testcase name="homePageTest" time="0.062" classname="com.tripadvisor.test.tripAdvisorTest"/>
  <system-out/>
  <testcase name="secondPageTest" time="4.285" classname="com.tripadvisor.test.tripAdvisorTest"/>
  <system-out/>
  <testcase name="thirdPageTest" time="6.786" classname="com.tripadvisor.test.tripAdvisorTest"/>
  <system-out/>
  <testcase name="setCheckinDateTest" time="9.137" classname="com.tripadvisor.test.tripAdvisorTest"/>
  <system-out/>
  <testcase name="setCheckoutDateTest" time="8.921" classname="com.tripadvisor.test.tripAdvisorTest"/>
  <system-out/>
  <testcase name="updateTest" time="0.835" classname="com.tripadvisor.test.tripAdvisorTest"/>
  <system-out/>
  <testcase name="setLowestPriceSliderTest" time="2.823" classname="com.tripadvisor.test.tripAdvisorTest"/>
  <system-out/>
  <testcase name="setHighestPriceSliderTest" time="6.645" classname="com.tripadvisor.test.tripAdvisorTest"/>
  <system-out/>
  <testcase name="getSearchResultsTest" time="8.006" classname="com.tripadvisor.test.tripAdvisorTest"/>
  <system-out/>
</testsuite> <!-- com.tripadvisor.test.tripAdvisorTest -->
