<?xml version="1.0" encoding="UTF-8"?>
<!-- Generated by org.testng.reporters.JUnitReportReporter -->
<testsuite skipped="0" hostname="DESKTOP-8D7L466" name="com.cleartrip.test.searchFlightTest" tests="2" failures="0" timestamp="2020-12-28T16:55:32 IST" time="19.334" errors="0">
  <testcase name="SearchTest" time="11.012" classname="com.cleartrip.test.searchFlightTest"/>
  <system-out/>
  <testcase name="SearchTest" time="8.322" classname="com.cleartrip.test.searchFlightTest"/>
  <system-out/>
</testsuite> <!-- com.cleartrip.test.searchFlightTest -->
