<?xml version="1.0" encoding="UTF-8"?>
<!-- Generated by org.testng.reporters.JUnitReportReporter -->
<testsuite skipped="0" hostname="DESKTOP-4LU25GP" name="com.emicalculator.test.DriverTest" tests="22" failures="0" timestamp="14 Jul 2020 10:38:25 GMT" time="15.391" errors="0">
  <testcase name="emicalculator_TitleTest" time="0.015" classname="com.emicalculator.test.DriverTest"/>
  <testcase name="emicalculator_TitleTest" time="0.679" classname="com.emicalculator.test.DriverTest"/>
  <testcase name="select_Car" time="0.875" classname="com.emicalculator.test.DriverTest"/>
  <testcase name="select_Car" time="0.964" classname="com.emicalculator.test.DriverTest"/>
  <testcase name="sent_ammount" time="4.612" classname="com.emicalculator.test.DriverTest"/>
  <testcase name="sent_ammount" time="0.687" classname="com.emicalculator.test.DriverTest"/>
  <testcase name="sent_interest" time="0.416" classname="com.emicalculator.test.DriverTest"/>
  <testcase name="sent_interest" time="0.484" classname="com.emicalculator.test.DriverTest"/>
  <testcase name="sent_tennure" time="0.479" classname="com.emicalculator.test.DriverTest"/>
  <testcase name="sent_tennure" time="1.083" classname="com.emicalculator.test.DriverTest"/>
  <testcase name="screenshots_of_Sendkeys" time="0.375" classname="com.emicalculator.test.DriverTest"/>
  <testcase name="screenshots_of_Sendkeys" time="0.542" classname="com.emicalculator.test.DriverTest"/>
  <testcase name="scroll_to_required_data" time="0.078" classname="com.emicalculator.test.DriverTest"/>
  <testcase name="scroll_to_required_data" time="0.046" classname="com.emicalculator.test.DriverTest"/>
  <testcase name="expand_interest_amounts" time="0.359" classname="com.emicalculator.test.DriverTest"/>
  <testcase name="expand_interest_amounts" time="0.222" classname="com.emicalculator.test.DriverTest"/>
  <testcase name="screenshots_of_FirstMonthCredentials" time="0.140" classname="com.emicalculator.test.DriverTest"/>
  <testcase name="screenshots_of_FirstMonthCredentials" time="0.762" classname="com.emicalculator.test.DriverTest"/>
  <testcase name="write_interest" time="1.827" classname="com.emicalculator.test.DriverTest"/>
  <testcase name="write_interest" time="0.156" classname="com.emicalculator.test.DriverTest"/>
  <testcase name="write_principle" time="0.276" classname="com.emicalculator.test.DriverTest"/>
  <testcase name="write_principle" time="0.314" classname="com.emicalculator.test.DriverTest"/>
</testsuite> <!-- com.emicalculator.test.DriverTest -->
