<?xml version="1.0" encoding="UTF-8"?>
<!-- Generated by org.testng.reporters.JUnitReportReporter -->
<testsuite skipped="0" hostname="DESKTOP-8D7L466" name="com.salesForce.test.salesForce_Test" tests="2" failures="0" timestamp="2020-12-09T13:01:50 IST" time="47.314" errors="0">
  <testcase name="checkSignup" time="25.049" classname="com.salesForce.test.salesForce_Test"/>
  <system-out/>
  <testcase name="checkSignup" time="22.265" classname="com.salesForce.test.salesForce_Test"/>
  <system-out/>
</testsuite> <!-- com.salesForce.test.salesForce_Test -->
