<?xml version="1.0" encoding="UTF-8"?>
<!-- Generated by org.testng.reporters.JUnitReportReporter -->
<testsuite skipped="0" hostname="DESKTOP-4LU25GP" name="com.emi_calculator_grid.test.DriverTest" tests="26" failures="0" timestamp="04 Aug 2020 12:37:15 GMT" time="31.249" errors="0">
  <testcase name="emicalculator_TitleTest" time="0.139" classname="com.emi_calculator_grid.test.DriverTest"/>
  <testcase name="emicalculator_TitleTest" time="0.679" classname="com.emi_calculator_grid.test.DriverTest"/>
  <testcase name="select_homeloan" time="2.109" classname="com.emi_calculator_grid.test.DriverTest"/>
  <testcase name="select_homeloan" time="2.741" classname="com.emi_calculator_grid.test.DriverTest"/>
  <testcase name="select_personalloan" time="0.618" classname="com.emi_calculator_grid.test.DriverTest"/>
  <testcase name="select_personalloan" time="0.550" classname="com.emi_calculator_grid.test.DriverTest"/>
  <testcase name="select_Car" time="0.350" classname="com.emi_calculator_grid.test.DriverTest"/>
  <testcase name="select_Car" time="0.563" classname="com.emi_calculator_grid.test.DriverTest"/>
  <testcase name="sent_ammount" time="1.085" classname="com.emi_calculator_grid.test.DriverTest"/>
  <testcase name="sent_ammount" time="7.809" classname="com.emi_calculator_grid.test.DriverTest"/>
  <testcase name="sent_interest" time="0.633" classname="com.emi_calculator_grid.test.DriverTest"/>
  <testcase name="sent_interest" time="0.480" classname="com.emi_calculator_grid.test.DriverTest"/>
  <testcase name="sent_tennure" time="0.847" classname="com.emi_calculator_grid.test.DriverTest"/>
  <testcase name="sent_tennure" time="1.216" classname="com.emi_calculator_grid.test.DriverTest"/>
  <testcase name="screenshots_of_Sendkeys" time="1.239" classname="com.emi_calculator_grid.test.DriverTest"/>
  <testcase name="screenshots_of_Sendkeys" time="1.437" classname="com.emi_calculator_grid.test.DriverTest"/>
  <testcase name="scroll_to_required_data" time="0.077" classname="com.emi_calculator_grid.test.DriverTest"/>
  <testcase name="scroll_to_required_data" time="0.040" classname="com.emi_calculator_grid.test.DriverTest"/>
  <testcase name="expand_interest_amounts" time="0.278" classname="com.emi_calculator_grid.test.DriverTest"/>
  <testcase name="expand_interest_amounts" time="2.085" classname="com.emi_calculator_grid.test.DriverTest"/>
  <testcase name="screenshots_of_FirstMonthCredentials" time="0.314" classname="com.emi_calculator_grid.test.DriverTest"/>
  <testcase name="screenshots_of_FirstMonthCredentials" time="1.569" classname="com.emi_calculator_grid.test.DriverTest"/>
  <testcase name="write_interest" time="0.329" classname="com.emi_calculator_grid.test.DriverTest"/>
  <testcase name="write_interest" time="3.322" classname="com.emi_calculator_grid.test.DriverTest"/>
  <testcase name="write_principle" time="0.272" classname="com.emi_calculator_grid.test.DriverTest"/>
  <testcase name="write_principle" time="0.468" classname="com.emi_calculator_grid.test.DriverTest"/>
</testsuite> <!-- com.emi_calculator_grid.test.DriverTest -->
